2-background/build/intermediates/manifest_merge_blame_file/debug/manifest-merger-blame-debug-report.txt
1<?xml version="1.0" encoding="utf-8"?>
2<!--
3  ~ Copyright (C) 2016 The Android Open Source Project
4  ~
5  ~ Licensed under the Apache License, Version 2.0 (the "License");
6  ~ you may not use this file except in compliance with the License.
7  ~ You may obtain a copy of the License at
8  ~
9  ~      http://www.apache.org/licenses/LICENSE-2.0
10  ~
11  ~ Unless required by applicable law or agreed to in writing, software
12  ~ distributed under the License is distributed on an "AS IS" BASIS,
13  ~ WITHOUT WARRANTIES OR CONDITIONS OF ANY KIND, either express or implied.
14  ~ See the License for the specific language governing permissions and
15  ~ limitations under the License.
16-->
17<manifest xmlns:android="http://schemas.android.com/apk/res/android"
18    package="com.android.example.watchface"
19    android:versionCode="1"
20    android:versionName="1.0" >
21
22    <uses-sdk
23        android:minSdkVersion="21"
23-->src\main\AndroidManifest.xml
24        android:targetSdkVersion="25" />
24-->src\main\AndroidManifest.xml
25
26    <uses-feature android:name="android.hardware.type.watch" />
26-->src\main\AndroidManifest.xml:22:5-64
26-->src\main\AndroidManifest.xml:22:19-61
27
28    <!-- Required to act as a custom watch face. -->
29    <uses-permission android:name="com.google.android.permission.PROVIDE_BACKGROUND" />
29-->src\main\AndroidManifest.xml:25:5-88
29-->src\main\AndroidManifest.xml:25:22-85
30    <uses-permission android:name="android.permission.WAKE_LOCK" />
30-->src\main\AndroidManifest.xml:26:5-68
30-->src\main\AndroidManifest.xml:26:22-65
31
32    <application
32-->src\main\AndroidManifest.xml:28:5-57:19
33        android:allowBackup="true"
33-->src\main\AndroidManifest.xml:29:9-35
34        android:appComponentFactory="androidx.core.app.CoreComponentFactory"
34-->[androidx.core:core:1.3.1] AndroidManifest.xml:24:18-86
35        android:debuggable="true"
36        android:label="@string/app_name"
36-->src\main\AndroidManifest.xml:30:9-41
37        android:theme="@android:style/Theme.DeviceDefault" >
37-->src\main\AndroidManifest.xml:31:9-59
38        <service
38-->src\main\AndroidManifest.xml:33:9-52:19
39            android:name="com.android.example.watchface.MyWatchFaceService"
39-->src\main\AndroidManifest.xml:34:13-47
40            android:label="@string/my_analog_name"
40-->src\main\AndroidManifest.xml:35:13-51
41            android:permission="android.permission.BIND_WALLPAPER" >
41-->src\main\AndroidManifest.xml:36:13-67
42            <meta-data
42-->src\main\AndroidManifest.xml:37:13-39:54
43                android:name="android.service.wallpaper"
43-->src\main\AndroidManifest.xml:38:17-57
44                android:resource="@xml/watch_face" />
44-->src\main\AndroidManifest.xml:39:17-51
45            <meta-data
45-->src\main\AndroidManifest.xml:40:13-42:63
46                android:name="com.google.android.wearable.watchface.preview"
46-->src\main\AndroidManifest.xml:41:17-77
47                android:resource="@drawable/preview_analog" />
47-->src\main\AndroidManifest.xml:42:17-60
48            <meta-data
48-->src\main\AndroidManifest.xml:43:13-45:63
49                android:name="com.google.android.wearable.watchface.preview_circular"
49-->src\main\AndroidManifest.xml:44:17-86
50                android:resource="@drawable/preview_analog" />
50-->src\main\AndroidManifest.xml:45:17-60
51
52            <intent-filter>
52-->src\main\AndroidManifest.xml:47:13-51:29
53                <action android:name="android.service.wallpaper.WallpaperService" />
53-->src\main\AndroidManifest.xml:48:17-85
53-->src\main\AndroidManifest.xml:48:25-82
54
55                <category android:name="com.google.android.wearable.watchface.category.WATCH_FACE" />
55-->src\main\AndroidManifest.xml:50:17-102
55-->src\main\AndroidManifest.xml:50:27-99
56            </intent-filter>
57        </service>
58
59        <meta-data
59-->src\main\AndroidManifest.xml:54:9-56:69
60            android:name="com.google.android.gms.version"
60-->src\main\AndroidManifest.xml:55:13-58
61            android:value="@integer/google_play_services_version" />
61-->src\main\AndroidManifest.xml:56:13-66
62
63        <uses-library
63-->[com.google.android.support:wearable:2.8.1] AndroidManifest.xml:10:9-12:40
64            android:name="com.google.android.wearable"
64-->[com.google.android.support:wearable:2.8.1] AndroidManifest.xml:11:13-55
65            android:required="false" />
65-->[com.google.android.support:wearable:2.8.1] AndroidManifest.xml:12:13-37
66
67        <activity
67-->[com.google.android.gms:play-services-base:17.5.0] AndroidManifest.xml:23:9-26:75
68            android:name="com.google.android.gms.common.api.GoogleApiActivity"
68-->[com.google.android.gms:play-services-base:17.5.0] AndroidManifest.xml:24:13-79
69            android:exported="false"
69-->[com.google.android.gms:play-services-base:17.5.0] AndroidManifest.xml:25:13-37
70            android:theme="@android:style/Theme.Translucent.NoTitleBar" />
70-->[com.google.android.gms:play-services-base:17.5.0] AndroidManifest.xml:26:13-72
71    </application>
72
73</manifest>